This is pdfTeX, Version 3.1415926-2.5-1.40.14 (TeX Live 2013/Debian) (format=pdflatex 2014.4.18)  1 JUL 2014 13:56
entering extended mode
 restricted \write18 enabled.
 %&-line parsing enabled.
**thesis
(./thesis.tex
LaTeX2e <2011/06/27>
Babel <3.9h> and hyphenation patterns for 4 languages loaded.
(./fitthesis.cls
Document Class: fitthesis 2007/04/13 Sablona pro BP/DP
(/usr/share/texlive/texmf-dist/tex/latex/base/report.cls
Document Class: report 2007/10/19 v1.4h Standard LaTeX document class
(/usr/share/texlive/texmf-dist/tex/latex/base/size11.clo
File: size11.clo 2007/10/19 v1.4h Standard LaTeX file (size option)
)
\c@part=\count79
\c@chapter=\count80
\c@section=\count81
\c@subsection=\count82
\c@subsubsection=\count83
\c@paragraph=\count84
\c@subparagraph=\count85
\c@figure=\count86
\c@table=\count87
\abovecaptionskip=\skip41
\belowcaptionskip=\skip42
\bibindent=\dimen102
)
(/usr/share/texlive/texmf-dist/tex/latex/amsmath/amsmath.sty
Package: amsmath 2013/01/14 v2.14 AMS math features
\@mathmargin=\skip43

For additional information on amsmath, use the `?' option.
(/usr/share/texlive/texmf-dist/tex/latex/amsmath/amstext.sty
Package: amstext 2000/06/29 v2.01

(/usr/share/texlive/texmf-dist/tex/latex/amsmath/amsgen.sty
File: amsgen.sty 1999/11/30 v2.0
\@emptytoks=\toks14
\ex@=\dimen103
))
(/usr/share/texlive/texmf-dist/tex/latex/amsmath/amsbsy.sty
Package: amsbsy 1999/11/29 v1.2d
\pmbraise@=\dimen104
)
(/usr/share/texlive/texmf-dist/tex/latex/amsmath/amsopn.sty
Package: amsopn 1999/12/14 v2.01 operator names
)
\inf@bad=\count88
LaTeX Info: Redefining \frac on input line 210.
\uproot@=\count89
\leftroot@=\count90
LaTeX Info: Redefining \overline on input line 306.
\classnum@=\count91
\DOTSCASE@=\count92
LaTeX Info: Redefining \ldots on input line 378.
LaTeX Info: Redefining \dots on input line 381.
LaTeX Info: Redefining \cdots on input line 466.
\Mathstrutbox@=\box26
\strutbox@=\box27
\big@size=\dimen105
LaTeX Font Info:    Redeclaring font encoding OML on input line 566.
LaTeX Font Info:    Redeclaring font encoding OMS on input line 567.
\macc@depth=\count93
\c@MaxMatrixCols=\count94
\dotsspace@=\muskip10
\c@parentequation=\count95
\dspbrk@lvl=\count96
\tag@help=\toks15
\row@=\count97
\column@=\count98
\maxfields@=\count99
\andhelp@=\toks16
\eqnshift@=\dimen106
\alignsep@=\dimen107
\tagshift@=\dimen108
\tagwidth@=\dimen109
\totwidth@=\dimen110
\lineht@=\dimen111
\@envbody=\toks17
\multlinegap=\skip44
\multlinetaggap=\skip45
\mathdisplay@stack=\toks18
LaTeX Info: Redefining \[ on input line 2665.
LaTeX Info: Redefining \] on input line 2666.
)
(/usr/share/texlive/texmf-dist/tex/latex/amsfonts/amssymb.sty
Package: amssymb 2013/01/14 v3.01 AMS font symbols

(/usr/share/texlive/texmf-dist/tex/latex/amsfonts/amsfonts.sty
Package: amsfonts 2013/01/14 v3.01 Basic AMSFonts support
\symAMSa=\mathgroup4
\symAMSb=\mathgroup5
LaTeX Font Info:    Overwriting math alphabet `\mathfrak' in version `bold'
(Font)                  U/euf/m/n --> U/euf/b/n on input line 106.
))
(/usr/share/texlive/texmf-dist/tex/generic/babel/babel.sty
Package: babel 2013/12/03 3.9h The Babel package

(/usr/share/texlive/texmf-dist/tex/generic/babel-czech/czech.ldf
Language: czech 2008/07/06 v3.1a Czech support from the babel system

(/usr/share/texlive/texmf-dist/tex/generic/babel/babel.def
File: babel.def 2013/12/03 3.9h Babel common definitions
\babel@savecnt=\count100
\U@D=\dimen112
)
Package babel Info: Making " an active character on input line 172.
\cs@wordlen=\count101
Package babel Info: Making - an active character on input line 226.
)
(/usr/share/texlive/texmf-dist/tex/generic/babel-slovak/slovak.ldf
Language: slovak 2008/07/06 v3.1a Slovak support from the babel system
Package babel Info: Making ^ an active character on input line 123.
Package babel Info: Making ' an active character on input line 129.
LaTeX Info: Redefining \uv on input line 278.
\cs@wordlen=\count102
)
(/usr/share/texlive/texmf-dist/tex/generic/babel-english/english.ldf
Language: english 2012/08/20 v3.3p English support from the babel system
\l@british = a dialect from \language\l@english 
\l@UKenglish = a dialect from \language\l@english 
\l@canadian = a dialect from \language\l@american 
\l@australian = a dialect from \language\l@british 
\l@newzealand = a dialect from \language\l@british 
))
(/usr/share/texlive/texmf-dist/tex/latex/base/inputenc.sty
Package: inputenc 2008/03/30 v1.1d Input encoding file
\inpenc@prehook=\toks19
\inpenc@posthook=\toks20

(/usr/share/texlive/texmf-dist/tex/latex/base/latin2.def
File: latin2.def 2008/03/30 v1.1d Input encoding file
))
(/usr/share/texlive/texmf-dist/tex/latex/graphics/graphicx.sty
Package: graphicx 1999/02/16 v1.0f Enhanced LaTeX Graphics (DPC,SPQR)

(/usr/share/texlive/texmf-dist/tex/latex/graphics/keyval.sty
Package: keyval 1999/03/16 v1.13 key=value parser (DPC)
\KV@toks@=\toks21
)
(/usr/share/texlive/texmf-dist/tex/latex/graphics/graphics.sty
Package: graphics 2009/02/05 v1.0o Standard LaTeX Graphics (DPC,SPQR)

(/usr/share/texlive/texmf-dist/tex/latex/graphics/trig.sty
Package: trig 1999/03/16 v1.09 sin cos tan (DPC)
)
(/usr/share/texlive/texmf-dist/tex/latex/latexconfig/graphics.cfg
File: graphics.cfg 2010/04/23 v1.9 graphics configuration of TeX Live
)
Package graphics Info: Driver file: pdftex.def on input line 91.

(/usr/share/texlive/texmf-dist/tex/latex/pdftex-def/pdftex.def
File: pdftex.def 2011/05/27 v0.06d Graphics/color for pdfTeX

(/usr/share/texlive/texmf-dist/tex/generic/oberdiek/infwarerr.sty
Package: infwarerr 2010/04/08 v1.3 Providing info/warning/error messages (HO)
)
(/usr/share/texlive/texmf-dist/tex/generic/oberdiek/ltxcmds.sty
Package: ltxcmds 2011/11/09 v1.22 LaTeX kernel commands for general use (HO)
)
\Gread@gobject=\count103
))
\Gin@req@height=\dimen113
\Gin@req@width=\dimen114
)
\mkspc=\skip46
)
(/usr/share/texlive/texmf-dist/tex/latex/base/fontenc.sty
Package: fontenc 2005/09/27 v1.99g Standard LaTeX package

(/usr/share/texlive/texmf-dist/tex/latex/base/t1enc.def
File: t1enc.def 2005/09/27 v1.99g Standard LaTeX file
LaTeX Font Info:    Redeclaring font encoding T1 on input line 43.
)
(/usr/share/texlive/texmf-dist/tex/cslatex/base/il2enc.def
File: il2enc.def 1997/08/20 CSLaTeX
)
LaTeX Font Info:    Try loading font information for IL2+cmr on input line 100.


(/usr/share/texlive/texmf-dist/tex/cslatex/base/il2cmr.fd
File: il2cmr.fd 1997/02/06 CSLaTeX font definitions
))
(/usr/share/texlive/texmf-dist/tex/latex/url/url.sty
\Urlmuskip=\muskip11
Package: url 2013/09/16  ver 3.4  Verb mode for urls, etc.
)
(/usr/share/texlive/texmf-dist/tex/latex/geometry/geometry.sty
Package: geometry 2010/09/12 v5.6 Page Geometry

(/usr/share/texlive/texmf-dist/tex/generic/oberdiek/ifpdf.sty
Package: ifpdf 2011/01/30 v2.3 Provides the ifpdf switch (HO)
Package ifpdf Info: pdfTeX in PDF mode is detected.
)
(/usr/share/texlive/texmf-dist/tex/generic/oberdiek/ifvtex.sty
Package: ifvtex 2010/03/01 v1.5 Detect VTeX and its facilities (HO)
Package ifvtex Info: VTeX not detected.
)
(/usr/share/texlive/texmf-dist/tex/generic/ifxetex/ifxetex.sty
Package: ifxetex 2010/09/12 v0.6 Provides ifxetex conditional
)
\Gm@cnth=\count104
\Gm@cntv=\count105
\c@Gm@tempcnt=\count106
\Gm@bindingoffset=\dimen115
\Gm@wd@mp=\dimen116
\Gm@odd@mp=\dimen117
\Gm@even@mp=\dimen118
\Gm@layoutwidth=\dimen119
\Gm@layoutheight=\dimen120
\Gm@layouthoffset=\dimen121
\Gm@layoutvoffset=\dimen122
\Gm@dimlist=\toks22
)
(/usr/share/texlive/texmf-dist/tex/latex/listings/listings.sty
\lst@mode=\count107
\lst@gtempboxa=\box28
\lst@token=\toks23
\lst@length=\count108
\lst@currlwidth=\dimen123
\lst@column=\count109
\lst@pos=\count110
\lst@lostspace=\dimen124
\lst@width=\dimen125
\lst@newlines=\count111
\lst@lineno=\count112
\lst@maxwidth=\dimen126

(/usr/share/texlive/texmf-dist/tex/latex/listings/lstmisc.sty
File: lstmisc.sty 2013/08/26 1.5b (Carsten Heinz)
\c@lstnumber=\count113
\lst@skipnumbers=\count114
\lst@framebox=\box29
)
(/usr/share/texlive/texmf-dist/tex/latex/listings/listings.cfg
File: listings.cfg 2013/08/26 1.5b listings configuration
))
Package: listings 2013/08/26 1.5b (Carsten Heinz)

(/usr/share/texlive/texmf-dist/tex/latex/graphics/color.sty
Package: color 2005/11/14 v1.0j Standard LaTeX Color (DPC)

(/usr/share/texlive/texmf-dist/tex/latex/latexconfig/color.cfg
File: color.cfg 2007/01/18 v1.5 color configuration of teTeX/TeXLive
)
Package color Info: Driver file: pdftex.def on input line 130.
) (./thesis.aux)
\openout1 = `thesis.aux'.

LaTeX Font Info:    Checking defaults for OML/cmm/m/it on input line 119.
LaTeX Font Info:    ... okay on input line 119.
LaTeX Font Info:    Checking defaults for T1/cmr/m/n on input line 119.
LaTeX Font Info:    ... okay on input line 119.
LaTeX Font Info:    Checking defaults for OT1/cmr/m/n on input line 119.
LaTeX Font Info:    ... okay on input line 119.
LaTeX Font Info:    Checking defaults for OMS/cmsy/m/n on input line 119.
LaTeX Font Info:    ... okay on input line 119.
LaTeX Font Info:    Checking defaults for OMX/cmex/m/n on input line 119.
LaTeX Font Info:    ... okay on input line 119.
LaTeX Font Info:    Checking defaults for U/cmr/m/n on input line 119.
LaTeX Font Info:    ... okay on input line 119.
LaTeX Font Info:    Checking defaults for IL2/cmr/m/n on input line 119.
LaTeX Font Info:    ... okay on input line 119.
(/usr/share/texlive/texmf-dist/tex/context/base/supp-pdf.mkii
[Loading MPS to PDF converter (version 2006.09.02).]
\scratchcounter=\count115
\scratchdimen=\dimen127
\scratchbox=\box30
\nofMPsegments=\count116
\nofMParguments=\count117
\everyMPshowfont=\toks24
\MPscratchCnt=\count118
\MPscratchDim=\dimen128
\MPnumerator=\count119
\makeMPintoPDFobject=\count120
\everyMPtoPDFconversion=\toks25
) (/usr/share/texlive/texmf-dist/tex/generic/oberdiek/pdftexcmds.sty
Package: pdftexcmds 2011/11/29 v0.20 Utility functions of pdfTeX for LuaTeX (HO
)

(/usr/share/texlive/texmf-dist/tex/generic/oberdiek/ifluatex.sty
Package: ifluatex 2010/03/01 v1.3 Provides the ifluatex switch (HO)
Package ifluatex Info: LuaTeX not detected.
)
Package pdftexcmds Info: LuaTeX not detected.
Package pdftexcmds Info: \pdf@primitive is available.
Package pdftexcmds Info: \pdf@ifprimitive is available.
Package pdftexcmds Info: \pdfdraftmode found.
)
(/usr/share/texlive/texmf-dist/tex/latex/oberdiek/epstopdf-base.sty
Package: epstopdf-base 2010/02/09 v2.5 Base part for package epstopdf

(/usr/share/texlive/texmf-dist/tex/latex/oberdiek/grfext.sty
Package: grfext 2010/08/19 v1.1 Manage graphics extensions (HO)

(/usr/share/texlive/texmf-dist/tex/generic/oberdiek/kvdefinekeys.sty
Package: kvdefinekeys 2011/04/07 v1.3 Define keys (HO)
))
(/usr/share/texlive/texmf-dist/tex/latex/oberdiek/kvoptions.sty
Package: kvoptions 2011/06/30 v3.11 Key value format for package options (HO)

(/usr/share/texlive/texmf-dist/tex/generic/oberdiek/kvsetkeys.sty
Package: kvsetkeys 2012/04/25 v1.16 Key value parser (HO)

(/usr/share/texlive/texmf-dist/tex/generic/oberdiek/etexcmds.sty
Package: etexcmds 2011/02/16 v1.5 Avoid name clashes with e-TeX commands (HO)
Package etexcmds Info: Could not find \expanded.
(etexcmds)             That can mean that you are not using pdfTeX 1.50 or
(etexcmds)             that some package has redefined \expanded.
(etexcmds)             In the latter case, load this package earlier.
)))
Package grfext Info: Graphics extension search list:
(grfext)             [.png,.pdf,.jpg,.mps,.jpeg,.jbig2,.jb2,.PNG,.PDF,.JPG,.JPE
G,.JBIG2,.JB2,.eps]
(grfext)             \AppendGraphicsExtensions on input line 452.

(/usr/share/texlive/texmf-dist/tex/latex/latexconfig/epstopdf-sys.cfg
File: epstopdf-sys.cfg 2010/07/13 v1.3 Configuration of (r)epstopdf for TeX Liv
e
))
*geometry* driver: auto-detecting
*geometry* detected driver: pdftex
*geometry* verbose mode - [ preamble ] result:
* driver: pdftex
* paper: <default>
* layout: <same size as paper>
* layoutoffset:(h,v)=(0.0pt,0.0pt)
* modes: 
* h-part:(L,W,R)=(89.62709pt, 418.25368pt, 89.6271pt)
* v-part:(T,H,B)=(101.40665pt, 591.5302pt, 152.11pt)
* \paperwidth=597.50787pt
* \paperheight=845.04684pt
* \textwidth=418.25368pt
* \textheight=591.5302pt
* \oddsidemargin=17.3571pt
* \evensidemargin=17.3571pt
* \topmargin=-7.86334pt
* \headheight=12.0pt
* \headsep=25.0pt
* \topskip=11.0pt
* \footskip=30.0pt
* \marginparwidth=50.0pt
* \marginparsep=10.0pt
* \columnsep=10.0pt
* \skip\footins=10.0pt plus 4.0pt minus 2.0pt
* \hoffset=-19.91684pt
* \voffset=-42.67912pt
* \mag=1000
* \@twocolumnfalse
* \@twosidefalse
* \@mparswitchfalse
* \@reversemarginfalse
* (1in=72.27pt=25.4mm, 1cm=28.453pt)

\c@lstlisting=\count121
LaTeX Font Info:    Try loading font information for IL2+phv on input line 122.

(/usr/share/texlive/texmf-dist/tex/cslatex/cspsfonts/il2phv.fd
File: il2phv.fd 1998/01/31 CS Helvetica
LaTeX Font Info:     CS Helvetica on input line 2.
LaTeX Font Info:    (C) Z. Wagner,1998/01/31 on input line 3.
LaTeX Font Info:    Created by CsPsFont utility v.1.0e (C) Z. Wagner, 1998/01/3
1 on input line 4.
) [1

{/var/lib/texmf/fonts/map/pdftex/updmap/pdftex.map}]
\@obrlogo=\box31
\@rtext=\box32
\@vyskartext=\skip47
\@vyskaobr=\skip48

<fig/vut-zp2.pdf, id=7, 109.40875pt x 109.40875pt>
File: fig/vut-zp2.pdf Graphic file (type pdf)
 <use fig/vut-zp2.pdf>
Package pdftex.def Info: fig/vut-zp2.pdf used on input line 122.
(pdftex.def)             Requested size: 99.58464pt x 99.58546pt.

Overfull \hbox (109.58464pt too wide) in paragraph at lines 122--122
[][] 
 []

<fig/fit-zp2.pdf, id=8, 120.45pt x 120.45pt>
File: fig/fit-zp2.pdf Graphic file (type pdf)
 <use fig/fit-zp2.pdf>
Package pdftex.def Info: fig/fit-zp2.pdf used on input line 122.
(pdftex.def)             Requested size: 99.58464pt x 99.5875pt.

Overfull \hbox (109.58464pt too wide) in paragraph at lines 122--122
[][] 
 []

[2 <./fig/vut-zp2.pdf> <./fig/fit-zp2.pdf>]

LaTeX Font Warning: Font shape `IL2/cmr/m/n' in size <16> not available
(Font)              size <17.28> substituted on input line 122.


LaTeX Font Warning: Font shape `IL2/cmr/bx/n' in size <16> not available
(Font)              size <17.28> substituted on input line 122.

[3]

LaTeX Font Warning: Font shape `IL2/cmr/m/n' in size <18> not available
(Font)              size <17.28> substituted on input line 122.


LaTeX Font Warning: Font shape `IL2/cmr/bx/n' in size <18> not available
(Font)              size <17.28> substituted on input line 122.

LaTeX Font Info:    Try loading font information for OMS+cmr on input line 122.

(/usr/share/texlive/texmf-dist/tex/latex/base/omscmr.fd
File: omscmr.fd 1999/05/25 v2.5h Standard LaTeX font definitions
)
LaTeX Font Info:    Font shape `OMS/cmr/m/n' in size <10.95> not available
(Font)              Font shape `OMS/cmsy/m/n' tried instead on input line 122.
 [4] (./thesis.toc
LaTeX Font Info:    Try loading font information for U+msa on input line 4.

(/usr/share/texlive/texmf-dist/tex/latex/amsfonts/umsa.fd
File: umsa.fd 2013/01/14 v3.01 AMS symbols A
)
LaTeX Font Info:    Try loading font information for U+msb on input line 4.

(/usr/share/texlive/texmf-dist/tex/latex/amsfonts/umsb.fd
File: umsb.fd 2013/01/14 v3.01 AMS symbols B
) [1


])
\tf@toc=\write3
\openout3 = `thesis.toc'.

 (./obsah.tex
[2]
Kapitola 1.
[3

]
Kapitola 2.
[4

] <model.jpg, id=40, 328.22626pt x 346.29375pt>
File: model.jpg Graphic file (type jpg)
 <use model.jpg>
Package pdftex.def Info: model.jpg used on input line 29.
(pdftex.def)             Requested size: 164.11272pt x 173.14644pt.
 [5 <./model.jpg>] <webtechnology.jpg, id=45, 297.36093pt x 244.66406pt>
File: webtechnology.jpg Graphic file (type jpg)

<use webtechnology.jpg>
Package pdftex.def Info: webtechnology.jpg used on input line 58.
(pdftex.def)             Requested size: 148.6801pt x 122.33173pt.


LaTeX Warning: Reference `jspkap' on page 6 undefined on input line 65.

[6 <./webtechnology.jpg>] <jsflifecycle.jpg, id=49, 375.65344pt x 186.6975pt>
File: jsflifecycle.jpg Graphic file (type jpg)

<use jsflifecycle.jpg>
Package pdftex.def Info: jsflifecycle.jpg used on input line 89.
(pdftex.def)             Requested size: 262.9556pt x 130.68735pt.
 [7] [8 <./jsflifecycle.jpg>]
<webservice.jpg, id=56, 323.70938pt x 62.48344pt>
File: webservice.jpg Graphic file (type jpg)
 <use webservice.jpg>
Package pdftex.def Info: webservice.jpg used on input line 131.
(pdftex.def)             Requested size: 194.22713pt x 37.49034pt.
 [9]
[10 <./webservice.jpg>] [11] [12] [13] [14] [15] [16]
Kapitola 3.
[17

] <fig/useCaseOverview.jpg, id=86, 233.05045pt x 187.5772pt>
File: fig/useCaseOverview.jpg Graphic file (type jpg)

<use fig/useCaseOverview.jpg>
Package pdftex.def Info: fig/useCaseOverview.jpg used on input line 266.
(pdftex.def)             Requested size: 186.4406pt x 150.06194pt.
 [18 <./fig/useCaseOverview.jpg>] [19] [20]
(/usr/share/texlive/texmf-dist/tex/latex/listings/lstlang1.sty
File: lstlang1.sty 2013/08/26 1.5b listings language file
)
(/usr/share/texlive/texmf-dist/tex/latex/listings/lstmisc.sty
File: lstmisc.sty 2013/08/26 1.5b (Carsten Heinz)
)
(./cloudBalancingSolverConfig.xml
LaTeX Font Info:    Try loading font information for OML+cmr on input line 1.

(/usr/share/texlive/texmf-dist/tex/latex/base/omlcmr.fd
File: omlcmr.fd 1999/05/25 v2.5h Standard LaTeX font definitions
)
LaTeX Font Info:    Font shape `OML/cmr/m/n' in size <9> not available
(Font)              Font shape `OML/cmm/m/it' tried instead on input line 1.
)
Overfull \hbox (5.21384pt too wide) in paragraph at lines 356--357
[]\IL2/cmr/m/n/10.95 Na riadku è.3 uve-dená me-dzi zna-èkami en-vi-ro-ment-Mode
 hod-nota []FAST[]ASSERT\,
 []

[21]
Overfull \hbox (11.43108pt too wide) in paragraph at lines 361--362
[]\IL2/cmr/m/n/10.95 /or-g/op-tap-lan-ne-r/e-xam-ple-s/c-loud-ba-lan-cin-g/sol-
ve-r/c-loud-Ba-lan-cingScoreRules.drl\, 
 []

[22]
Kapitola 4.
[23

] [24] [25] <work.jpg, id=117, 1027.84pt x 770.88pt>
File: work.jpg Graphic file (type jpg)
 <use work.jpg>
Package pdftex.def Info: work.jpg used on input line 468.
(pdftex.def)             Requested size: 411.12872pt x 308.34654pt.

<ER.jpg, id=118, 498.36188pt x 414.79968pt>
File: ER.jpg Graphic file (type jpg)
 <use ER.jpg>
Package pdftex.def Info: ER.jpg used on input line 486.
(pdftex.def)             Requested size: 348.85094pt x 290.3578pt.
 [26] [27 <./work.jpg>] [28 <./ER.jpg>] <page.jpg, id=129, 1010.27437pt x 443.4
0656pt>
File: page.jpg Graphic file (type jpg)
 <use page.jpg>
Package pdftex.def Info: page.jpg used on input line 511.
(pdftex.def)             Requested size: 404.10258pt x 177.35948pt.

Overfull \hbox (0.62202pt too wide) in paragraph at lines 506--519
\IL2/cmr/m/n/10.95 Výsledné ro-z-hra-nie kla-die dô-raz na jed-no-du-chos» a pr
e-hµad-nos» zo-bra-ze-ných úloh. Z tôhto
 []

[29 <./page.jpg>] [30]
Kapitola 5.

Overfull \hbox (4.1139pt too wide) in paragraph at lines 534--535
\IL2/cmr/m/n/10.95 ner-Ser-vice 5.2[], ktorá za-bez-pe-èuje rie-¹e-nie plá-no-v
a-cích úloh pro-stred-níc-tvom OptaPlanner-
 []

[31

] [32]
Overfull \hbox (15.48863pt too wide) in paragraph at lines 575--576
[]\IL2/cmr/m/n/10.95 Pre rolu Ad-mi-ni-stra-tor je urèená stránka Ad-mi-ni-stra
-tor.xhtml a bac-king be-ana(trieda)
 []

[33] [34] [35] [36]
Overfull \hbox (1.2636pt too wide) in paragraph at lines 622--623
[]\IL2/cmr/m/n/10.95 Po uko-nèe-ní-/vy-rie-¹ení úlohy sa z triedy \IL2/cmr/m/it
/10.95 Prob-lem-Sol-ver \IL2/cmr/m/n/10.95 získa naj-le-p¹ie rie-¹e-nie(XML
 []

[37] [38] [39]
Kapitola 6.
) (./thesis.bbl [40

]
LaTeX Font Info:    Try loading font information for IL2+cmtt on input line 44.

 (/usr/share/texlive/texmf-dist/tex/cslatex/base/il2cmtt.fd
File: il2cmtt.fd 1997/08/20 CSLaTeX font definitions
) [41

]) (./prilohy.tex [42]
Dodatok A.

Overfull \hbox (9.00978pt too wide) in paragraph at lines 10--11
\IL2/cmr/m/n/10.95 ins-tall ma-ven\ alebo vy-u¾i» od-kaz s po-pi-som http://mav
en.apache.org/download.cgi) 
 []


Overfull \hbox (19.76218pt too wide) in paragraph at lines 11--12
\IL2/cmr/m/n/10.95 apt-get ins-tall git\ alebo vy-u¾i» od-kaz s po-pi-som http:
//git-scm.com/book/en/Getting-
 []

[43

]
Overfull \hbox (2.22699pt too wide) in paragraph at lines 33--34
[]\IL2/cmr/m/n/10.95 Prejdeme do zlo-¾ky JBOSS[]HOME/standalone/bin a spus-tíme
 skript \IL2/cmr/m/it/10.95 stan-da-lone.sh 
 []


Overfull \hbox (30.28647pt too wide) in paragraph at lines 36--37
[]\IL2/cmr/m/n/10.95 K ap-li-ká-cií pri-stú-pime za-da-ním ad-resy []http://loc
alhost:8080/optaplanner.controller.war/\
 []

[44]
Dodatok B.
<login.jpg, id=182, 990.70125pt x 580.41844pt>
File: login.jpg Graphic file (type jpg)
 <use login.jpg>
Package pdftex.def Info: login.jpg used on input line 54.
(pdftex.def)             Requested size: 396.27348pt x 232.16325pt.

<page5.jpg, id=183, 902.6222pt x 336.50719pt>
File: page5.jpg Graphic file (type jpg)
 <use page5.jpg>
Package pdftex.def Info: page5.jpg used on input line 67.
(pdftex.def)             Requested size: 361.04248pt x 134.60048pt.

<page1.jpg, id=184, 980.16188pt x 469.00218pt>
File: page1.jpg Graphic file (type jpg)
 <use page1.jpg>
Package pdftex.def Info: page1.jpg used on input line 82.
(pdftex.def)             Requested size: 392.05782pt x 187.59755pt.

<page2.jpg, id=185, 925.20656pt x 418.56375pt>
File: page2.jpg Graphic file (type jpg)
 <use page2.jpg>
Package pdftex.def Info: page2.jpg used on input line 94.
(pdftex.def)             Requested size: 370.07607pt x 167.42252pt.

<page3.jpg, id=186, 617.30624pt x 454.69875pt>
File: page3.jpg Graphic file (type jpg)
 <use page3.jpg>
Package pdftex.def Info: page3.jpg used on input line 108.
(pdftex.def)             Requested size: 246.91812pt x 181.87627pt.

<page4.jpg, id=187, 935.74594pt x 450.18187pt>
File: page4.jpg Graphic file (type jpg)
 <use page4.jpg>
Package pdftex.def Info: page4.jpg used on input line 120.
(pdftex.def)             Requested size: 374.29175pt x 180.06955pt.
 [45

 <./login.jpg>] [46 <./page5.jpg> <./page1.jpg>] [47 <./page2.jpg> <./page3.jpg
>] [48 <./page4.jpg>]
Dodatok C.
<dotaz.jpg, id=202, 464.4853pt x 432.86719pt>
File: dotaz.jpg Graphic file (type jpg)
 <use dotaz.jpg>
Package pdftex.def Info: dotaz.jpg used on input line 143.
(pdftex.def)             Requested size: 278.69333pt x 259.7223pt.

<dotaz1.jpg, id=203, 456.95718pt x 462.22687pt>
File: dotaz1.jpg Graphic file (type jpg)
 <use dotaz1.jpg>
Package pdftex.def Info: dotaz1.jpg used on input line 156.
(pdftex.def)             Requested size: 274.1764pt x 277.33826pt.

<dotaz2.jpg, id=204, 454.69875pt x 444.15938pt>
File: dotaz2.jpg Graphic file (type jpg)
 <use dotaz2.jpg>
Package pdftex.def Info: dotaz2.jpg used on input line 169.
(pdftex.def)             Requested size: 272.82135pt x 266.49767pt.

<dotaz3.jpg, id=205, 464.4853pt x 456.95718pt>
File: dotaz3.jpg Graphic file (type jpg)
 <use dotaz3.jpg>
Package pdftex.def Info: dotaz3.jpg used on input line 181.
(pdftex.def)             Requested size: 278.69333pt x 274.1764pt.
 [49

 <./dotaz.jpg>] [50 <./dotaz1.jpg>] [51 <./dotaz2.jpg>] [52 <./dotaz3.jpg>]
Dodatok D.
) [53

] (./thesis.aux)

LaTeX Font Warning: Size substitutions with differences
(Font)              up to 1.28pt have occurred.


LaTeX Warning: There were undefined references.

 ) 
Here is how much of TeX's memory you used:
 6153 strings out of 494994
 81246 string characters out of 6180200
 265425 words of memory out of 5000000
 9201 multiletter control sequences out of 15000+600000
 27331 words of font info for 65 fonts, out of 8000000 for 9000
 24 hyphenation exceptions out of 8191
 38i,8n,49p,1962b,1346s stack positions out of 5000i,500n,10000p,200000b,80000s
{/usr/share/texlive/texmf-dist/fonts/enc/dvips/cs/xl2.enc}</usr/share/texlive
/texmf-dist/fonts/type1/public/amsfonts/cm/cmmi9.pfb></usr/share/texlive/texmf-
dist/fonts/type1/public/amsfonts/cm/cmr10.pfb></usr/share/texlive/texmf-dist/fo
nts/type1/public/amsfonts/cm/cmsy10.pfb></usr/share/texlive/texmf-dist/fonts/ty
pe1/public/amsfonts/cm/cmsy9.pfb></usr/share/texlive/texmf-dist/fonts/type1/pub
lic/cs/csbx10.pfb></usr/share/texlive/texmf-dist/fonts/type1/public/cs/csbx12.p
fb></usr/share/texlive/texmf-dist/fonts/type1/public/cs/csbx9.pfb></usr/share/t
exlive/texmf-dist/fonts/type1/public/cs/csr10.pfb></usr/share/texlive/texmf-dis
t/fonts/type1/public/cs/csr6.pfb></usr/share/texlive/texmf-dist/fonts/type1/pub
lic/cs/csr8.pfb></usr/share/texlive/texmf-dist/fonts/type1/public/cs/csr9.pfb><
/usr/share/texlive/texmf-dist/fonts/type1/public/cs/csti10.pfb></usr/share/texl
ive/texmf-dist/fonts/type1/public/cs/cstt10.pfb></usr/share/texlive/texmf-dist/
fonts/type1/urw/helvetic/uhvr8a.pfb>
Output written on thesis.pdf (57 pages, 2237731 bytes).
PDF statistics:
 270 PDF objects out of 1000 (max. 8388607)
 175 compressed objects within 2 object streams
 0 named destinations out of 1000 (max. 500000)
 101 words of extra memory for PDF output out of 10000 (max. 10000000)

